<?xml version="1.0" encoding="UTF-8"?>
<testsuite xmlns:xsi="http://www.w3.org/2001/XMLSchema-instance" xsi:noNamespaceSchemaLocation="https://maven.apache.org/surefire/maven-surefire-plugin/xsd/surefire-test-report-3.0.xsd" version="3.0" name="br.edu.ifal.testeSpring.TesteSpringApplicationTests" time="6.636" tests="1" errors="0" skipped="0" failures="0">
  <properties>
[...]
</properties>
  <testcase name="contextLoads" classname="br.edu.ifal.testeSpring.TesteSpringApplicationTests" time="1.442">
    <system-out><![CDATA[22:01:52.364 [main] INFO org.springframework.test.context.support.AnnotationConfigContextLoaderUtils -- Could not detect default configuration classes for test class [br.edu.ifal.testeSpring.TesteSpringApplicationTests]: TesteSpringApplicationTests does not declare any static, non-private, non-final, nested classes annotated with @Configuration.
22:01:52.693 [main] INFO org.springframework.boot.test.context.SpringBootTestContextBootstrapper -- Found @SpringBootConfiguration br.edu.ifal.testeSpring.TesteSpringApplication for test class br.edu.ifal.testeSpring.TesteSpringApplicationTests

  .   ____          _            __ _ _
 /\\ / ___'_ __ _ _(_)_ __  __ _ \ \ \ \
( ( )\___ | '_ | '_| | '_ \/ _` | \ \ \ \
 \\/  ___)| |_)| | | | | || (_| |  ) ) ) )
  '  |____| .__|_| |_|_| |_\__, | / / / /
 =========|_|==============|___/=/_/_/_/
 :: Spring Boot ::                (v3.1.2)

2023-08-17T22:01:54.046-03:00  INFO 4352 --- [           main] b.e.i.t.TesteSpringApplicationTests      : Starting TesteSpringApplicationTests using Java 20.0.2 with PID 4352 (started by Computador de Casa in C:\Users\Computador de Casa\OneDrive\Área de Trabalho\Arquivos do Ykaro\Programação\Java\PWEB\ProjetoSpring\testeSpring)
2023-08-17T22:01:54.049-03:00  INFO 4352 --- [           main] b.e.i.t.TesteSpringApplicationTests      : No active profile set, falling back to 1 default profile: "default"
2023-08-17T22:01:57.016-03:00  INFO 4352 --- [           main] b.e.i.t.TesteSpringApplicationTests      : Started TesteSpringApplicationTests in 3.864 seconds (process running for 8.206)
]]></system-out>
  </testcase>
</testsuite>